PLINK v1.90b6.26 64-bit (2 Apr 2022)
Options in effect:
  --bfile ENSG000002
  --extract ref/ENSG000002.snplist
  --keep-allele-order
  --memory 2000
  --out ref/ENSG000002
  --r square

Hostname: node23
Working directory: /projects/YangLabData/qdai/bin/OTTERS/Example/Inputs/ENSG000002
Start time: Sun Jun  5 18:43:43 2022

Random number seed: 1654469023
192086 MB RAM detected; reserving 2000 MB for main workspace.
4522 variants loaded from .bim file.
838 people (0 males, 0 females, 838 ambiguous) loaded from .fam.
Ambiguous sex IDs written to ref/ENSG000002.nosex .
--extract: 1695 variants remaining.
Using up to 31 threads (change this with --threads).
Before main variant filters, 838 founders and 0 nonfounders present.
Calculating allele frequencies... done.
Total genotyping rate is 0.999011.
1695 variants and 838 people pass filters and QC.
Note: No phenotypes present.
--r square to ref/ENSG000002.ld ... done.

End time: Sun Jun  5 18:43:43 2022
