PLINK v1.90b6.26 64-bit (2 Apr 2022)
Options in effect:
  --bfile ENSG000001
  --clump ENSG000001.pvalue
  --clump-field P
  --clump-kb 1000
  --clump-p1 1
  --clump-r2 0.99
  --clump-snp-field snpID
  --keep-allele-order
  --out ENSG000001

Hostname: node23
Working directory: /projects/YangLabData/qdai/bin/OTTERS/Example/Inputs/ENSG000001
Start time: Sun Jun  5 18:38:34 2022

Random number seed: 1654468714
192086 MB RAM detected; reserving 96043 MB for main workspace.
4441 variants loaded from .bim file.
838 people (0 males, 0 females, 838 ambiguous) loaded from .fam.
Ambiguous sex IDs written to ENSG000001.nosex .
Using 1 thread (no multithreaded calculations invoked).
Before main variant filters, 838 founders and 0 nonfounders present.
Calculating allele frequencies... done.
Total genotyping rate is 0.998234.
4441 variants and 838 people pass filters and QC.
Note: No phenotypes present.
--clump: 2006 clumps formed from 3402 top variants.
Results written to ENSG000001.clumped .

End time: Sun Jun  5 18:38:42 2022
